0 info it worked if it ends with ok
1 verbose cli [ 'C:\\Program Files\\nodejs\\node.exe',
1 verbose cli   'C:\\Program Files\\nodejs\\node_modules\\npm\\bin\\npm-cli.js',
1 verbose cli   'publish' ]
2 info using npm@3.10.10
3 info using node@v6.11.2
4 verbose publish [ '.' ]
5 silly cache add args [ '.', null ]
6 verbose cache add spec .
7 silly cache add parsed spec Result {
7 silly cache add   raw: '.',
7 silly cache add   scope: null,
7 silly cache add   escapedName: null,
7 silly cache add   name: null,
7 silly cache add   rawSpec: '.',
7 silly cache add   spec: 'C:\\Users\\howard\\Desktop\\random-string-module',
7 silly cache add   type: 'directory' }
8 verbose addLocalDirectory C:\Users\howard\AppData\Roaming\npm-cache\random-string-module1\0.10.0\package.tgz not in flight; packing
9 verbose correctMkdir C:\Users\howard\AppData\Roaming\npm-cache correctMkdir not in flight; initializing
10 info lifecycle random-string-module1@0.10.0~prepublish: random-string-module1@0.10.0
11 silly lifecycle random-string-module1@0.10.0~prepublish: no script for prepublish, continuing
12 verbose tar pack [ 'C:\\Users\\howard\\AppData\\Roaming\\npm-cache\\random-string-module1\\0.10.0\\package.tgz',
12 verbose tar pack   'C:\\Users\\howard\\Desktop\\random-string-module' ]
13 verbose tarball C:\Users\howard\AppData\Roaming\npm-cache\random-string-module1\0.10.0\package.tgz
14 verbose folder C:\Users\howard\Desktop\random-string-module
15 verbose addLocalTarball adding from inside cache C:\Users\howard\AppData\Roaming\npm-cache\random-string-module1\0.10.0\package.tgz
16 verbose correctMkdir C:\Users\howard\AppData\Roaming\npm-cache correctMkdir not in flight; initializing
17 silly cache afterAdd random-string-module1@0.10.0
18 verbose afterAdd C:\Users\howard\AppData\Roaming\npm-cache\random-string-module1\0.10.0\package\package.json not in flight; writing
19 verbose correctMkdir C:\Users\howard\AppData\Roaming\npm-cache correctMkdir not in flight; initializing
20 verbose afterAdd C:\Users\howard\AppData\Roaming\npm-cache\random-string-module1\0.10.0\package\package.json written
21 silly publish { name: 'random-string-module1',
21 silly publish   version: '0.10.0',
21 silly publish   description: 'A module that returns alphanumeric strings ',
21 silly publish   main: 'server.js',
21 silly publish   scripts:
21 silly publish    { test: 'echo "Error: no test specified" && exit 1',
21 silly publish      start: 'node server.js' },
21 silly publish   repository:
21 silly publish    { type: 'git',
21 silly publish      url: 'git+https://github.com/nike331185/random-string-module.git' },
21 silly publish   keywords: [ 'string', 'random', 'crypto', 'characters' ],
21 silly publish   author: { name: 'Howard Yang' },
21 silly publish   license: 'MIT',
21 silly publish   bugs: { url: 'https://github.com/nike331185/random-string-module/issues' },
21 silly publish   homepage: 'https://github.com/nike331185/random-string-module#readme',
21 silly publish   readme: '## METHOD\r\n\r\n# RandomChar\r\nThis method takes in an integer value which specifies the length of the returned strings.\r\n\r\nconsole.log(random.RandomChar(10))\r\n// Returns b2pcd13ezq',
21 silly publish   readmeFilename: 'README.md',
21 silly publish   gitHead: 'c9dfe960c3499db3958b49a75761ef9b8bd0e3fd',
21 silly publish   _id: 'random-string-module1@0.10.0',
21 silly publish   _shasum: '66c2d4eb66291dd3b7347769a8a23def4f18653b',
21 silly publish   _from: '.' }
22 verbose getPublishConfig undefined
23 silly mapToRegistry name random-string-module1
24 silly mapToRegistry using default registry
25 silly mapToRegistry registry https://registry.npmjs.org/
26 silly mapToRegistry data Result {
26 silly mapToRegistry   raw: 'random-string-module1',
26 silly mapToRegistry   scope: null,
26 silly mapToRegistry   escapedName: 'random-string-module1',
26 silly mapToRegistry   name: 'random-string-module1',
26 silly mapToRegistry   rawSpec: '',
26 silly mapToRegistry   spec: 'latest',
26 silly mapToRegistry   type: 'tag' }
27 silly mapToRegistry uri https://registry.npmjs.org/random-string-module1
28 verbose publish registryBase https://registry.npmjs.org/
29 silly publish uploading C:\Users\howard\AppData\Roaming\npm-cache\random-string-module1\0.10.0\package.tgz
30 verbose request uri https://registry.npmjs.org/random-string-module1
31 verbose request sending authorization for write operation
32 info attempt registry request try #1 at 15:34:41
33 verbose request using bearer token for auth
34 verbose request id effe7ac1d3428fbc
35 http request PUT https://registry.npmjs.org/random-string-module1
36 http 403 https://registry.npmjs.org/random-string-module1
37 verbose headers { 'content-type': 'application/json',
37 verbose headers   'cache-control': 'max-age=300',
37 verbose headers   'content-length': '104',
37 verbose headers   'accept-ranges': 'bytes',
37 verbose headers   date: 'Mon, 12 Feb 2018 07:35:15 GMT',
37 verbose headers   via: '1.1 varnish',
37 verbose headers   connection: 'keep-alive',
37 verbose headers   'x-served-by': 'cache-itm18820-ITM',
37 verbose headers   'x-cache': 'MISS',
37 verbose headers   'x-cache-hits': '0',
37 verbose headers   'x-timer': 'S1518420881.881788,VS0,VE34606',
37 verbose headers   vary: 'Accept-Encoding, Accept' }
38 verbose request invalidating C:\Users\howard\AppData\Roaming\npm-cache\registry.npmjs.org\random-string-module1 on PUT
39 error publish Failed PUT 403
40 verbose stack Error: you must verify your email before publishing a new package: https://www.npmjs.com/email-edit : random-string-module1
40 verbose stack     at makeError (C:\Program Files\nodejs\node_modules\npm\node_modules\npm-registry-client\lib\request.js:302:12)
40 verbose stack     at CachingRegistryClient.<anonymous> (C:\Program Files\nodejs\node_modules\npm\node_modules\npm-registry-client\lib\request.js:290:14)
40 verbose stack     at Request._callback (C:\Program Files\nodejs\node_modules\npm\node_modules\npm-registry-client\lib\request.js:210:14)
40 verbose stack     at Request.self.callback (C:\Program Files\nodejs\node_modules\npm\node_modules\request\request.js:187:22)
40 verbose stack     at emitTwo (events.js:106:13)
40 verbose stack     at Request.emit (events.js:191:7)
40 verbose stack     at Request.<anonymous> (C:\Program Files\nodejs\node_modules\npm\node_modules\request\request.js:1048:10)
40 verbose stack     at emitOne (events.js:96:13)
40 verbose stack     at Request.emit (events.js:188:7)
40 verbose stack     at IncomingMessage.<anonymous> (C:\Program Files\nodejs\node_modules\npm\node_modules\request\request.js:969:12)
41 verbose statusCode 403
42 verbose pkgid random-string-module1
43 verbose cwd C:\Users\howard\Desktop\random-string-module
44 error Windows_NT 10.0.16299
45 error argv "C:\\Program Files\\nodejs\\node.exe" "C:\\Program Files\\nodejs\\node_modules\\npm\\bin\\npm-cli.js" "publish"
46 error node v6.11.2
47 error npm  v3.10.10
48 error code E403
49 error you must verify your email before publishing a new package: https://www.npmjs.com/email-edit : random-string-module1
50 error If you need help, you may report this error at:
50 error     <https://github.com/npm/npm/issues>
51 verbose exit [ 1, true ]
